0 verbose cli /Users/lukeedwards/.nvm/versions/node/v20.19.2/bin/node /Users/lukeedwards/.nvm/versions/node/v20.19.2/bin/npm
1 info using npm@10.8.2
2 info using node@v20.19.2
3 silly config load:file:/Users/lukeedwards/.nvm/versions/node/v20.19.2/lib/node_modules/npm/npmrc
4 silly config load:file:/Users/lukeedwards/Desktop/PersonalPro/pokefolio/nextjs-applicaiton/.npmrc
5 silly config load:file:/Users/lukeedwards/.npmrc
6 silly config load:file:/Users/lukeedwards/.nvm/versions/node/v20.19.2/etc/npmrc
7 verbose title npm run dev
8 verbose argv "run" "dev"
9 verbose logfile logs-max:10 dir:/Users/lukeedwards/Desktop/PersonalPro/pokefolio/nextjs-applicaiton/.npm-cache/_logs/2026-01-02T02_18_37_727Z-
10 verbose logfile /Users/lukeedwards/Desktop/PersonalPro/pokefolio/nextjs-applicaiton/.npm-cache/_logs/2026-01-02T02_18_37_727Z-debug-0.log
11 silly logfile done cleaning log files
12 http fetch GET 200 https://registry.npmjs.org/npm 285ms
13 verbose cwd /Users/lukeedwards/Desktop/PersonalPro/pokefolio/nextjs-applicaiton
14 verbose os Darwin 25.1.0
15 verbose node v20.19.2
16 verbose npm  v10.8.2
17 notice
17 notice New [31mmajor[39m version of npm available! [31m10.8.2[39m -> [34m11.7.0[39m
17 notice Changelog: [34mhttps://github.com/npm/cli/releases/tag/v11.7.0[39m
17 notice To update run: [4mnpm install -g npm@11.7.0[24m
17 notice  { force: true, [Symbol(proc-log.meta)]: true }
18 verbose exit 0
19 info ok
